Build started 11.03.2014 14:51:15.
     1>Project "C:\Users\Steffen\Documents\Visual Studio 2012\Projects\CVApplication\CVApplication\CVApplication.vcxproj" on node 2 (Build target(s)).
     1>InitializeBuildStatus:
         Creating "Debug\CVApplication.unsuccessfulbuild" because "AlwaysCreate" was specified.
       ClCompile:
         C:\Program Files (x86)\Microsoft Visual Studio 11.0\VC\bin\CL.exe /c /I"C:\Program Files (x86)\opencv\build\x86\vc11\..\..\include" /ZI /nologo /W3 /WX- /sdl /Od /Oy- /D WIN32 /D _DEBUG /D _CONSOLE /D _UNICODE /D UNICODE /Gm /EHsc /RTC1 /MDd /GS /fp:precise /Zc:wchar_t /Zc:forScope /Fo"Debug\\" /Fd"Debug\vc110.pdb" /Gd /TP /analyze- /errorReport:prompt main.cpp
         main.cpp
     1>c:\users\steffen\documents\visual studio 2012\projects\cvapplication\cvapplication\main.cpp(91): warning C4244: 'initializing' : conversion from 'float' to 'int', possible loss of data
     1>c:\users\steffen\documents\visual studio 2012\projects\cvapplication\cvapplication\main.cpp(92): warning C4244: 'initializing' : conversion from 'float' to 'int', possible loss of data
     1>c:\users\steffen\documents\visual studio 2012\projects\cvapplication\cvapplication\main.cpp(106): warning C4018: '<' : signed/unsigned mismatch
     1>c:\users\steffen\documents\visual studio 2012\projects\cvapplication\cvapplication\main.cpp(108): warning C4018: '<' : signed/unsigned mismatch
     1>c:\users\steffen\documents\visual studio 2012\projects\cvapplication\cvapplication\main.cpp(126): warning C4018: '<' : signed/unsigned mismatch
       Link:
         C:\Program Files (x86)\Microsoft Visual Studio 11.0\VC\bin\link.exe /ERRORREPORT:PROMPT /OUT:"C:\Users\Steffen\Documents\Visual Studio 2012\Projects\CVApplication\Debug\CVApplication.exe" /INCREMENTAL /NOLOGO /LIBPATH:"C:\Program Files (x86)\opencv\build\x86\vc11\lib" opencv_core248d.lib opencv_imgproc248d.lib opencv_highgui248d.lib opencv_ml248d.lib opencv_video248d.lib opencv_features2d248d.lib opencv_calib3d248d.lib opencv_objdetect248d.lib opencv_contrib248d.lib opencv_legacy248d.lib opencv_flann248d.lib kernel32.lib user32.lib gdi32.lib winspool.lib comdlg32.lib advapi32.lib shell32.lib ole32.lib oleaut32.lib uuid.lib odbc32.lib odbccp32.lib /MANIFEST /MANIFESTUAC:"level='asInvoker' uiAccess='false'" /manifest:embed /DEBUG /PDB:"C:\Users\Steffen\Documents\Visual Studio 2012\Projects\CVApplication\Debug\CVApplication.pdb" /SUBSYSTEM:CONSOLE /TLBID:1 /DYNAMICBASE /NXCOMPAT /IMPLIB:"C:\Users\Steffen\Documents\Visual Studio 2012\Projects\CVApplication\Debug\CVApplication.lib" /MACHINE:X86 Debug\main.obj
         CVApplication.vcxproj -> C:\Users\Steffen\Documents\Visual Studio 2012\Projects\CVApplication\Debug\CVApplication.exe
       FinalizeBuildStatus:
         Deleting file "Debug\CVApplication.unsuccessfulbuild".
         Touching "Debug\CVApplication.lastbuildstate".
     1>Done Building Project "C:\Users\Steffen\Documents\Visual Studio 2012\Projects\CVApplication\CVApplication\CVApplication.vcxproj" (Build target(s)).

Build succeeded.

Time Elapsed 00:00:02.04
