C:\USERS\STEFFEN\DOCUMENTS\VISUAL STUDIO 2012\PROJECTS\CVAPPLICATION\CVAPPLICATION\DEBUG\MAIN.OBJ
C:\USERS\STEFFEN\DOCUMENTS\VISUAL STUDIO 2012\PROJECTS\CVAPPLICATION\CVAPPLICATION\DEBUG\VC110.PDB
C:\USERS\STEFFEN\DOCUMENTS\VISUAL STUDIO 2012\PROJECTS\CVAPPLICATION\DEBUG\CVAPPLICATION.ILK
C:\USERS\STEFFEN\DOCUMENTS\VISUAL STUDIO 2012\PROJECTS\CVAPPLICATION\DEBUG\CVAPPLICATION.EXE
C:\USERS\STEFFEN\DOCUMENTS\VISUAL STUDIO 2012\PROJECTS\CVAPPLICATION\DEBUG\CVAPPLICATION.PDB
C:\Users\Steffen\Documents\Visual Studio 2012\Projects\CVApplication\CVApplication\Debug\main.obj
C:\Users\Steffen\Documents\Visual Studio 2012\Projects\CVApplication\CVApplication\Debug\cl.command.1.tlog
C:\Users\Steffen\Documents\Visual Studio 2012\Projects\CVApplication\CVApplication\Debug\CL.read.1.tlog
C:\Users\Steffen\Documents\Visual Studio 2012\Projects\CVApplication\CVApplication\Debug\CL.write.1.tlog
C:\Users\Steffen\Documents\Visual Studio 2012\Projects\CVApplication\CVApplication\Debug\link-cvtres.read.1.tlog
C:\Users\Steffen\Documents\Visual Studio 2012\Projects\CVApplication\CVApplication\Debug\link-cvtres.write.1.tlog
C:\Users\Steffen\Documents\Visual Studio 2012\Projects\CVApplication\CVApplication\Debug\link-rc.read.1.tlog
C:\Users\Steffen\Documents\Visual Studio 2012\Projects\CVApplication\CVApplication\Debug\link-rc.write.1.tlog
C:\Users\Steffen\Documents\Visual Studio 2012\Projects\CVApplication\CVApplication\Debug\link.4628-cvtres.read.1.tlog
C:\Users\Steffen\Documents\Visual Studio 2012\Projects\CVApplication\CVApplication\Debug\link.4628-cvtres.write.1.tlog
C:\Users\Steffen\Documents\Visual Studio 2012\Projects\CVApplication\CVApplication\Debug\link.4628-rc.read.1.tlog
C:\Users\Steffen\Documents\Visual Studio 2012\Projects\CVApplication\CVApplication\Debug\link.4628-rc.write.1.tlog
C:\Users\Steffen\Documents\Visual Studio 2012\Projects\CVApplication\CVApplication\Debug\link.4628.read.1.tlog
C:\Users\Steffen\Documents\Visual Studio 2012\Projects\CVApplication\CVApplication\Debug\link.4628.write.1.tlog
C:\Users\Steffen\Documents\Visual Studio 2012\Projects\CVApplication\CVApplication\Debug\link.4816-cvtres.read.1.tlog
C:\Users\Steffen\Documents\Visual Studio 2012\Projects\CVApplication\CVApplication\Debug\link.4816-cvtres.write.1.tlog
C:\Users\Steffen\Documents\Visual Studio 2012\Projects\CVApplication\CVApplication\Debug\link.4816-rc.read.1.tlog
C:\Users\Steffen\Documents\Visual Studio 2012\Projects\CVApplication\CVApplication\Debug\link.4816-rc.write.1.tlog
C:\Users\Steffen\Documents\Visual Studio 2012\Projects\CVApplication\CVApplication\Debug\link.4816.read.1.tlog
C:\Users\Steffen\Documents\Visual Studio 2012\Projects\CVApplication\CVApplication\Debug\link.4816.write.1.tlog
C:\Users\Steffen\Documents\Visual Studio 2012\Projects\CVApplication\CVApplication\Debug\link.6768-cvtres.read.1.tlog
C:\Users\Steffen\Documents\Visual Studio 2012\Projects\CVApplication\CVApplication\Debug\link.6768-cvtres.write.1.tlog
C:\Users\Steffen\Documents\Visual Studio 2012\Projects\CVApplication\CVApplication\Debug\link.6768-rc.read.1.tlog
C:\Users\Steffen\Documents\Visual Studio 2012\Projects\CVApplication\CVApplication\Debug\link.6768-rc.write.1.tlog
C:\Users\Steffen\Documents\Visual Studio 2012\Projects\CVApplication\CVApplication\Debug\link.6768.read.1.tlog
C:\Users\Steffen\Documents\Visual Studio 2012\Projects\CVApplication\CVApplication\Debug\link.6768.write.1.tlog
C:\Users\Steffen\Documents\Visual Studio 2012\Projects\CVApplication\CVApplication\Debug\link.command.1.tlog
C:\Users\Steffen\Documents\Visual Studio 2012\Projects\CVApplication\CVApplication\Debug\link.read.1.tlog
C:\Users\Steffen\Documents\Visual Studio 2012\Projects\CVApplication\CVApplication\Debug\link.write.1.tlog
C:\Users\Steffen\Documents\Visual Studio 2012\Projects\CVApplication\CVApplication\Debug\vc110.idb
C:\Users\Steffen\Documents\Visual Studio 2012\Projects\CVApplication\CVApplication\Debug\vc110.pdb
C:\Users\Steffen\Documents\Visual Studio 2012\Projects\CVApplication\Debug\CVApplication.pdb
C:\Users\Steffen\Documents\Visual Studio 2012\Projects\CVApplication\Debug\CVApplication.exe
C:\Users\Steffen\Documents\Visual Studio 2012\Projects\CVApplication\Debug\CVApplication.ilk
